0 info it worked if it ends with ok
1 verbose cli [ 'c:\\Program Files\\nodejs\\node.exe',
1 verbose cli   'c:\\Program Files\\nodejs\\node_modules\\npm\\bin\\npm-cli.js',
1 verbose cli   'info',
1 verbose cli   'qunit.version' ]
2 info using npm@1.3.8
3 info using node@v0.10.18
4 verbose url raw qunit.version
5 verbose url resolving [ 'https://registry.npmjs.org/', './qunit.version' ]
6 verbose url resolved https://registry.npmjs.org/qunit.version
7 info trying registry request attempt 1 at 21:28:31
8 http GET https://registry.npmjs.org/qunit.version
9 http 404 https://registry.npmjs.org/qunit.version
10 silly registry.get cb [ 404,
10 silly registry.get   { server: 'CouchDB/1.3.1 (Erlang OTP/R15B03)',
10 silly registry.get     date: 'Sun, 06 Oct 2013 19:28:32 GMT',
10 silly registry.get     'content-type': 'application/json',
10 silly registry.get     'content-length': '52',
10 silly registry.get     'cache-control': 'must-revalidate' } ]
11 error 404 'qunit.version' is not in the npm registry.
11 error 404 You should bug the author to publish it
11 error 404
11 error 404 Note that you can also install from a
11 error 404 tarball, folder, or http url, or git url.
12 error System Windows_NT 6.1.7601
13 error command "c:\\Program Files\\nodejs\\node.exe" "c:\\Program Files\\nodejs\\node_modules\\npm\\bin\\npm-cli.js" "info" "qunit.version"
14 error cwd c:\git\nativejs
15 error node -v v0.10.18
16 error npm -v 1.3.8
17 error code E404
18 verbose exit [ 1, true ]
